[2026-04-21T22:04:32Z] === ENRICH ITERATION 1 START | repo=apple/swift-collections sha=6675bc0f ===
[2026-04-21T22:04:32Z] [iter=1] PHASE START: enrich repo=apple/swift-collections sha=6675bc0f runlog=/home/runner/work/forx/forx/storage/aggregate/lsp/logs/6675bc0f-enrich-iter-001.log output=/home/runner/work/forx/forx/storage/aggregate/lsp/6675bc0ff86e61436e615df6fc5174e043e57924.nq.gz
[2026-04-21T22:04:32Z] [iter=1] Step 1: Loading AST into disk-backed store mem_mb=76 MB
[2026-04-21T22:05:03Z] [iter=1] AST store loaded triples=3638650 load_secs=30 mem_mb=1000 MB
[2026-04-21T22:05:03Z] [iter=1] Step 2: Finding LSP targets mem_mb=1000 MB
[2026-04-21T22:05:16Z] [iter=1] LSP targets found call_sites=24131 imports=466 extends=1 implements=0 secs=13
[2026-04-21T22:05:28Z] [iter=1] Step 2.7: Building position index (one-shot, shared across resolvers) mem_mb=1000 MB
[2026-04-21T22:05:46Z] [iter=1] Position index built positions=217412 nodes_with_types=258190 secs=18 mem_mb=1000 MB
[2026-04-21T22:05:46Z] [iter=1] Step 3: Starting LSP resolution mem_mb=1000 MB already_completed_types=[] already_completed_files=0
[2026-04-21T22:05:46Z] [iter=1] Resolving target type target_type=call_site count=24131
[2026-04-21T22:05:50Z] [iter=1] HEARTBEAT target_type=call_site elapsed_min=1.3 files_done=0 resolved=0 errors=24131 current=Benchmarks/Sources/CppBenchmarks/src/UnorderedSetBenchmarks.cpp
[2026-04-21T22:06:40Z] [iter=1] HEARTBEAT target_type=call_site elapsed_min=2.1 files_done=3 resolved=7 errors=24169 current=Benchmarks/Sources/CppBenchmarks/src/PriorityQueueBenchmarks.cpp
[2026-04-21T22:07:19Z] [iter=1] HEARTBEAT target_type=call_site elapsed_min=2.8 files_done=5 resolved=12 errors=24199 current=Benchmarks/Sources/CppBenchmarks/src/VectorBoolBenchmarks.cpp
[2026-04-21T22:07:49Z] [iter=1] Target type resolved target_type=call_site resolved=17 errors=24221 secs=123 mem_mb=1000 MB
[2026-04-21T22:07:49Z] [iter=1] Resolving target type target_type=import_statement count=466
[2026-04-21T22:07:50Z] [iter=1] HEARTBEAT target_type=import_statement elapsed_min=3.3 files_done=0 resolved=0 errors=466 current=Benchmarks/Sources/CppBenchmarks/src/UnorderedMapBenchmarks.cpp
[2026-04-21T22:07:53Z] [iter=1] Target type resolved target_type=import_statement resolved=2 errors=466 secs=4 mem_mb=1000 MB
[2026-04-21T22:07:53Z] [iter=1] Resolving target type target_type=extends_clause count=1
[2026-04-21T22:07:55Z] [iter=1] Target type resolved target_type=extends_clause resolved=1 errors=0 secs=2 mem_mb=1000 MB
[2026-04-21T22:07:56Z] [iter=1] Step 5: Writing final enrichment file triples=1877
[2026-04-21T22:07:56Z] [iter=1] Enrichment file written path=/home/runner/work/forx/forx/storage/aggregate/lsp/6675bc0ff86e61436e615df6fc5174e043e57924.nq.gz size_kb=29
[2026-04-21T22:07:56Z] [iter=1] PHASE END: enrich elapsed_s=204 elapsed_min=3.4 total_triples=1877
